[2026-04-08T13:19:01.997Z] GET http://localhost:8081/reanchor/ → 200 (12ms, 73363B)
[2026-04-08T13:19:02.010Z] GET https://fonts.googleapis.com/css2?family=Fraunces:ital,opsz,wght@0,9..144,300;0,9..144,400;0,9..144,600;1,9..144,300;1,9..144,400&family=DM+Sans:wght@300;400;500;600&display=swap → 200 (488ms, 10348B)
[2026-04-08T13:19:02.505Z] GET http://localhost:8081/.netlify/functions/waitlist-count → 404 (109ms, 469B)
[2026-04-08T13:19:02.614Z] GET https://fonts.gstatic.com/s/dmsans/v17/rP2Yp2ywxg089UriI5-g4vlH9VoD8Cmcqbu0-K6z9mXg.woff2 → pending (?ms, ?B)
[2026-04-08T13:19:02.614Z] GET https://fonts.gstatic.com/s/fraunces/v38/6NU78FyLNQOQZAnv9bYEvDiIdE9Ea92uemAk_WBq8U_9v0c2Wa0KxC9TeP2Xz5c.woff2 → pending (?ms, ?B)
[2026-04-08T13:19:02.614Z] GET https://fonts.gstatic.com/s/fraunces/v38/6NU58FyLNQOQZAnv9ZwNjucMHVn85Ni7emAe9lKqZTnbB-gzTK0K1ChjeveQ7ZXk8g.woff2 → pending (?ms, ?B)
[2026-04-08T13:19:19.887Z] GET http://localhost:8081/reanchor/ → 200 (1ms, 73363B)
[2026-04-08T13:19:19.893Z] GET https://fonts.googleapis.com/css2?family=Fraunces:ital,opsz,wght@0,9..144,300;0,9..144,400;0,9..144,600;1,9..144,300;1,9..144,400&family=DM+Sans:wght@300;400;500;600&display=swap → 200 (3ms, 10348B)
[2026-04-08T13:19:19.897Z] GET http://localhost:8081/.netlify/functions/waitlist-count → 404 (14ms, 469B)
[2026-04-08T13:19:19.902Z] GET https://fonts.gstatic.com/s/dmsans/v17/rP2Yp2ywxg089UriI5-g4vlH9VoD8Cmcqbu0-K6z9mXg.woff2 → 200 (?ms, ?B)
[2026-04-08T13:19:19.906Z] GET https://fonts.gstatic.com/s/fraunces/v38/6NU58FyLNQOQZAnv9ZwNjucMHVn85Ni7emAe9lKqZTnbB-gzTK0K1ChjeveQ7ZXk8g.woff2 → 200 (?ms, ?B)
[2026-04-08T13:19:19.908Z] GET https://fonts.gstatic.com/s/fraunces/v38/6NU78FyLNQOQZAnv9bYEvDiIdE9Ea92uemAk_WBq8U_9v0c2Wa0KxC9TeP2Xz5c.woff2 → 200 (?ms, ?B)
[2026-04-08T13:21:24.582Z] GET http://localhost:8081/reanchor/ → 200 (4ms, 73363B)
[2026-04-08T13:21:24.595Z] GET https://fonts.googleapis.com/css2?family=Fraunces:ital,opsz,wght@0,9..144,300;0,9..144,400;0,9..144,600;1,9..144,300;1,9..144,400&family=DM+Sans:wght@300;400;500;600&display=swap → 200 (?ms, 10348B)
[2026-04-08T13:21:24.596Z] GET http://localhost:8081/.netlify/functions/waitlist-count → 404 (30ms, 469B)
[2026-04-08T13:21:24.601Z] GET https://fonts.gstatic.com/s/dmsans/v17/rP2Yp2ywxg089UriI5-g4vlH9VoD8Cmcqbu0-K6z9mXg.woff2 → 200 (?ms, ?B)
[2026-04-08T13:21:24.601Z] GET https://fonts.gstatic.com/s/fraunces/v38/6NU58FyLNQOQZAnv9ZwNjucMHVn85Ni7emAe9lKqZTnbB-gzTK0K1ChjeveQ7ZXk8g.woff2 → 200 (?ms, ?B)
[2026-04-08T13:21:24.602Z] GET https://fonts.gstatic.com/s/fraunces/v38/6NU78FyLNQOQZAnv9bYEvDiIdE9Ea92uemAk_WBq8U_9v0c2Wa0KxC9TeP2Xz5c.woff2 → 200 (?ms, ?B)
[2026-04-08T13:23:02.248Z] GET http://localhost:8081/reanchor/ → 200 (2ms, 73887B)
[2026-04-08T13:23:02.264Z] GET https://fonts.googleapis.com/css2?family=Fraunces:ital,opsz,wght@0,9..144,300;0,9..144,400;0,9..144,600;1,9..144,300;1,9..144,400&family=DM+Sans:wght@300;400;500;600&display=swap → 200 (?ms, 10348B)
[2026-04-08T13:23:02.264Z] GET http://localhost:8081/.netlify/functions/waitlist-count → 404 (78ms, 469B)
[2026-04-08T13:23:02.333Z] GET https://fonts.gstatic.com/s/dmsans/v17/rP2Yp2ywxg089UriI5-g4vlH9VoD8Cmcqbu0-K6z9mXg.woff2 → 200 (?ms, ?B)
[2026-04-08T13:23:02.334Z] GET https://fonts.gstatic.com/s/fraunces/v38/6NU58FyLNQOQZAnv9ZwNjucMHVn85Ni7emAe9lKqZTnbB-gzTK0K1ChjeveQ7ZXk8g.woff2 → 200 (?ms, ?B)
[2026-04-08T13:23:02.338Z] GET https://fonts.gstatic.com/s/fraunces/v38/6NU78FyLNQOQZAnv9bYEvDiIdE9Ea92uemAk_WBq8U_9v0c2Wa0KxC9TeP2Xz5c.woff2 → 200 (?ms, ?B)
[2026-04-08T13:23:49.661Z] GET http://localhost:8081/reanchor/ → 200 (2ms, 73887B)
[2026-04-08T13:23:49.667Z] GET https://fonts.googleapis.com/css2?family=Fraunces:ital,opsz,wght@0,9..144,300;0,9..144,400;0,9..144,600;1,9..144,300;1,9..144,400&family=DM+Sans:wght@300;400;500;600&display=swap → 200 (2ms, 10348B)
[2026-04-08T13:23:49.676Z] GET http://localhost:8081/.netlify/functions/waitlist-count → 404 (12ms, 469B)
[2026-04-08T13:23:49.677Z] GET https://fonts.gstatic.com/s/dmsans/v17/rP2Yp2ywxg089UriI5-g4vlH9VoD8Cmcqbu0-K6z9mXg.woff2 → 200 (?ms, ?B)
[2026-04-08T13:23:49.677Z] GET https://fonts.gstatic.com/s/fraunces/v38/6NU58FyLNQOQZAnv9ZwNjucMHVn85Ni7emAe9lKqZTnbB-gzTK0K1ChjeveQ7ZXk8g.woff2 → 200 (?ms, ?B)
[2026-04-08T13:23:49.678Z] GET https://fonts.gstatic.com/s/fraunces/v38/6NU78FyLNQOQZAnv9bYEvDiIdE9Ea92uemAk_WBq8U_9v0c2Wa0KxC9TeP2Xz5c.woff2 → 200 (?ms, ?B)
[2026-04-08T13:24:43.526Z] GET http://localhost:8081/reanchor/ → 200 (2ms, 73887B)
[2026-04-08T13:24:43.533Z] GET https://fonts.googleapis.com/css2?family=Fraunces:ital,opsz,wght@0,9..144,300;0,9..144,400;0,9..144,600;1,9..144,300;1,9..144,400&family=DM+Sans:wght@300;400;500;600&display=swap → 200 (?ms, 10348B)
[2026-04-08T13:24:43.534Z] GET http://localhost:8081/.netlify/functions/waitlist-count → 404 (28ms, 469B)
[2026-04-08T13:24:43.541Z] GET https://fonts.gstatic.com/s/dmsans/v17/rP2Yp2ywxg089UriI5-g4vlH9VoD8Cmcqbu0-K6z9mXg.woff2 → 200 (?ms, ?B)
[2026-04-08T13:24:43.543Z] GET https://fonts.gstatic.com/s/fraunces/v38/6NU58FyLNQOQZAnv9ZwNjucMHVn85Ni7emAe9lKqZTnbB-gzTK0K1ChjeveQ7ZXk8g.woff2 → 200 (?ms, ?B)
[2026-04-08T13:24:43.543Z] GET https://fonts.gstatic.com/s/fraunces/v38/6NU78FyLNQOQZAnv9bYEvDiIdE9Ea92uemAk_WBq8U_9v0c2Wa0KxC9TeP2Xz5c.woff2 → 200 (?ms, ?B)
[2026-04-08T13:27:47.902Z] GET http://localhost:8081/reanchor/ → 200 (38ms, 73499B)
[2026-04-08T13:27:48.013Z] GET https://fonts.googleapis.com/css2?family=Fraunces:ital,opsz,wght@0,9..144,300;0,9..144,400;0,9..144,600;1,9..144,300;1,9..144,400&family=DM+Sans:wght@300;400;500;600&display=swap → 200 (?ms, 10348B)
[2026-04-08T13:27:48.090Z] GET http://localhost:8081/.netlify/functions/waitlist-count → 404 (86ms, 469B)
[2026-04-08T13:27:48.165Z] GET https://fonts.gstatic.com/s/dmsans/v17/rP2Yp2ywxg089UriI5-g4vlH9VoD8Cmcqbu0-K6z9mXg.woff2 → 200 (?ms, ?B)
[2026-04-08T13:27:48.166Z] GET https://fonts.gstatic.com/s/fraunces/v38/6NU58FyLNQOQZAnv9ZwNjucMHVn85Ni7emAe9lKqZTnbB-gzTK0K1ChjeveQ7ZXk8g.woff2 → 200 (?ms, ?B)
[2026-04-08T13:27:48.170Z] GET https://fonts.gstatic.com/s/fraunces/v38/6NU78FyLNQOQZAnv9bYEvDiIdE9Ea92uemAk_WBq8U_9v0c2Wa0KxC9TeP2Xz5c.woff2 → 200 (?ms, ?B)
[2026-04-08T13:30:56.896Z] GET http://localhost:8081/reanchor/ → 200 (37ms, 73790B)
[2026-04-08T13:30:56.938Z] GET https://fonts.googleapis.com/css2?family=Fraunces:ital,opsz,wght@0,9..144,300;0,9..144,400;0,9..144,600;1,9..144,300;1,9..144,400&family=DM+Sans:wght@300;400;500;600&display=swap → 200 (1ms, 10348B)
[2026-04-08T13:30:56.942Z] GET http://localhost:8081/.netlify/functions/waitlist-count → 404 (20ms, 469B)
[2026-04-08T13:30:56.950Z] GET https://fonts.gstatic.com/s/dmsans/v17/rP2Yp2ywxg089UriI5-g4vlH9VoD8Cmcqbu0-K6z9mXg.woff2 → 200 (1ms, ?B)
[2026-04-08T13:30:56.951Z] GET https://fonts.gstatic.com/s/fraunces/v38/6NU58FyLNQOQZAnv9ZwNjucMHVn85Ni7emAe9lKqZTnbB-gzTK0K1ChjeveQ7ZXk8g.woff2 → 200 (?ms, ?B)
[2026-04-08T13:30:56.959Z] GET https://fonts.gstatic.com/s/fraunces/v38/6NU78FyLNQOQZAnv9bYEvDiIdE9Ea92uemAk_WBq8U_9v0c2Wa0KxC9TeP2Xz5c.woff2 → 200 (?ms, ?B)
[2026-04-08T13:31:30.985Z] GET http://localhost:8081/reanchor/ → 200 (2ms, 73790B)
[2026-04-08T13:31:30.999Z] GET https://fonts.googleapis.com/css2?family=Fraunces:ital,opsz,wght@0,9..144,300;0,9..144,400;0,9..144,600;1,9..144,300;1,9..144,400&family=DM+Sans:wght@300;400;500;600&display=swap → 200 (?ms, 10348B)
[2026-04-08T13:31:31.000Z] GET http://localhost:8081/.netlify/functions/waitlist-count → 404 (18ms, 469B)
[2026-04-08T13:31:31.001Z] GET https://fonts.gstatic.com/s/dmsans/v17/rP2Yp2ywxg089UriI5-g4vlH9VoD8Cmcqbu0-K6z9mXg.woff2 → 200 (?ms, ?B)
[2026-04-08T13:31:31.001Z] GET https://fonts.gstatic.com/s/fraunces/v38/6NU58FyLNQOQZAnv9ZwNjucMHVn85Ni7emAe9lKqZTnbB-gzTK0K1ChjeveQ7ZXk8g.woff2 → 200 (?ms, ?B)
[2026-04-08T13:31:31.004Z] GET https://fonts.gstatic.com/s/fraunces/v38/6NU78FyLNQOQZAnv9bYEvDiIdE9Ea92uemAk_WBq8U_9v0c2Wa0KxC9TeP2Xz5c.woff2 → 200 (?ms, ?B)
[2026-04-08T13:32:27.979Z] GET http://localhost:8081/reanchor/ → 200 (3ms, 73790B)
[2026-04-08T13:32:28.059Z] GET https://fonts.googleapis.com/css2?family=Fraunces:ital,opsz,wght@0,9..144,300;0,9..144,400;0,9..144,600;1,9..144,300;1,9..144,400&family=DM+Sans:wght@300;400;500;600&display=swap → 200 (?ms, 10348B)
[2026-04-08T13:32:28.069Z] GET http://localhost:8081/.netlify/functions/waitlist-count → 404 (12ms, 469B)
[2026-04-08T13:32:28.077Z] GET https://fonts.gstatic.com/s/dmsans/v17/rP2Yp2ywxg089UriI5-g4vlH9VoD8Cmcqbu0-K6z9mXg.woff2 → 200 (1ms, ?B)
[2026-04-08T13:32:28.078Z] GET https://fonts.gstatic.com/s/fraunces/v38/6NU58FyLNQOQZAnv9ZwNjucMHVn85Ni7emAe9lKqZTnbB-gzTK0K1ChjeveQ7ZXk8g.woff2 → 200 (?ms, ?B)
[2026-04-08T13:32:28.080Z] GET https://fonts.gstatic.com/s/fraunces/v38/6NU78FyLNQOQZAnv9bYEvDiIdE9Ea92uemAk_WBq8U_9v0c2Wa0KxC9TeP2Xz5c.woff2 → 200 (?ms, ?B)
[2026-04-08T13:32:29.365Z] GET http://localhost:8081/reanchor/ → 200 (1ms, 73790B)
[2026-04-08T13:32:29.372Z] GET https://fonts.googleapis.com/css2?family=Fraunces:ital,opsz,wght@0,9..144,300;0,9..144,400;0,9..144,600;1,9..144,300;1,9..144,400&family=DM+Sans:wght@300;400;500;600&display=swap → 200 (?ms, 10348B)
[2026-04-08T13:32:29.374Z] GET http://localhost:8081/.netlify/functions/waitlist-count → 404 (42ms, 469B)
[2026-04-08T13:32:29.377Z] GET https://fonts.gstatic.com/s/dmsans/v17/rP2Yp2ywxg089UriI5-g4vlH9VoD8Cmcqbu0-K6z9mXg.woff2 → 200 (?ms, ?B)
[2026-04-08T13:32:29.379Z] GET https://fonts.gstatic.com/s/fraunces/v38/6NU58FyLNQOQZAnv9ZwNjucMHVn85Ni7emAe9lKqZTnbB-gzTK0K1ChjeveQ7ZXk8g.woff2 → 200 (1ms, ?B)
[2026-04-08T13:32:29.396Z] GET https://fonts.gstatic.com/s/fraunces/v38/6NU78FyLNQOQZAnv9bYEvDiIdE9Ea92uemAk_WBq8U_9v0c2Wa0KxC9TeP2Xz5c.woff2 → 200 (?ms, ?B)
[2026-04-08T13:32:52.740Z] GET http://localhost:8081/reanchor/ → 200 (3ms, 73790B)
[2026-04-08T13:32:52.761Z] GET https://fonts.googleapis.com/css2?family=Fraunces:ital,opsz,wght@0,9..144,300;0,9..144,400;0,9..144,600;1,9..144,300;1,9..144,400&family=DM+Sans:wght@300;400;500;600&display=swap → 200 (?ms, 10348B)
[2026-04-08T13:32:52.765Z] GET http://localhost:8081/.netlify/functions/waitlist-count → 404 (42ms, 469B)
[2026-04-08T13:32:52.765Z] GET https://fonts.gstatic.com/s/dmsans/v17/rP2Yp2ywxg089UriI5-g4vlH9VoD8Cmcqbu0-K6z9mXg.woff2 → 200 (1ms, ?B)
[2026-04-08T13:32:52.767Z] GET https://fonts.gstatic.com/s/fraunces/v38/6NU58FyLNQOQZAnv9ZwNjucMHVn85Ni7emAe9lKqZTnbB-gzTK0K1ChjeveQ7ZXk8g.woff2 → 200 (5ms, ?B)
[2026-04-08T13:32:52.772Z] GET https://fonts.gstatic.com/s/fraunces/v38/6NU78FyLNQOQZAnv9bYEvDiIdE9Ea92uemAk_WBq8U_9v0c2Wa0KxC9TeP2Xz5c.woff2 → 200 (?ms, ?B)
[2026-04-08T13:34:45.279Z] GET http://localhost:8081/reanchor/ → 200 (24ms, 73975B)
[2026-04-08T13:34:45.343Z] GET https://fonts.googleapis.com/css2?family=Fraunces:ital,opsz,wght@0,9..144,300;0,9..144,400;0,9..144,600;1,9..144,300;1,9..144,400&family=DM+Sans:wght@300;400;500;600&display=swap → 200 (2ms, 10348B)
[2026-04-08T13:34:45.496Z] GET http://localhost:8081/.netlify/functions/waitlist-count → 404 (22ms, 469B)
[2026-04-08T13:34:45.500Z] GET https://fonts.gstatic.com/s/dmsans/v17/rP2Yp2ywxg089UriI5-g4vlH9VoD8Cmcqbu0-K6z9mXg.woff2 → 200 (?ms, ?B)
[2026-04-08T13:34:45.501Z] GET https://fonts.gstatic.com/s/fraunces/v38/6NU58FyLNQOQZAnv9ZwNjucMHVn85Ni7emAe9lKqZTnbB-gzTK0K1ChjeveQ7ZXk8g.woff2 → 200 (10ms, ?B)
[2026-04-08T13:34:45.512Z] GET https://fonts.gstatic.com/s/fraunces/v38/6NU78FyLNQOQZAnv9bYEvDiIdE9Ea92uemAk_WBq8U_9v0c2Wa0KxC9TeP2Xz5c.woff2 → 200 (1ms, ?B)
[2026-04-08T13:36:40.589Z] GET http://localhost:8081/reanchor/ → pending (?ms, ?B)
[2026-04-08T13:36:40.961Z] GET https://fonts.googleapis.com/css2?family=Fraunces:ital,opsz,wght@0,9..144,300;0,9..144,400;0,9..144,600;1,9..144,300;1,9..144,400&family=DM+Sans:wght@300;400;500;600&display=swap → 200 (?ms, 10348B)
[2026-04-08T13:36:40.977Z] GET http://localhost:8081/.netlify/functions/waitlist-count → 404 (25ms, 469B)
[2026-04-08T13:36:40.977Z] GET https://fonts.gstatic.com/s/dmsans/v17/rP2Yp2ywxg089UriI5-g4vlH9VoD8Cmcqbu0-K6z9mXg.woff2 → 200 (?ms, ?B)
[2026-04-08T13:36:40.978Z] GET https://fonts.gstatic.com/s/fraunces/v38/6NU58FyLNQOQZAnv9ZwNjucMHVn85Ni7emAe9lKqZTnbB-gzTK0K1ChjeveQ7ZXk8g.woff2 → 200 (11ms, ?B)
[2026-04-08T13:36:40.989Z] GET https://fonts.gstatic.com/s/fraunces/v38/6NU78FyLNQOQZAnv9bYEvDiIdE9Ea92uemAk_WBq8U_9v0c2Wa0KxC9TeP2Xz5c.woff2 → 200 (?ms, ?B)
[2026-04-08T13:43:38.043Z] GET http://localhost:8081/reanchor/ → 200 (140ms, 73978B)
[2026-04-08T13:43:38.216Z] GET https://fonts.googleapis.com/css2?family=Fraunces:ital,opsz,wght@0,9..144,300;0,9..144,400;0,9..144,600;1,9..144,300;1,9..144,400&family=DM+Sans:wght@300;400;500;600&display=swap → 200 (2ms, 10348B)
[2026-04-08T13:43:38.236Z] GET http://localhost:8081/.netlify/functions/waitlist-count → 404 (56ms, 469B)
[2026-04-08T13:43:38.285Z] GET https://fonts.gstatic.com/s/dmsans/v17/rP2Yp2ywxg089UriI5-g4vlH9VoD8Cmcqbu0-K6z9mXg.woff2 → 200 (?ms, ?B)
[2026-04-08T13:43:38.285Z] GET https://fonts.gstatic.com/s/fraunces/v38/6NU58FyLNQOQZAnv9ZwNjucMHVn85Ni7emAe9lKqZTnbB-gzTK0K1ChjeveQ7ZXk8g.woff2 → 200 (1ms, ?B)
[2026-04-08T13:43:38.288Z] GET https://fonts.gstatic.com/s/fraunces/v38/6NU78FyLNQOQZAnv9bYEvDiIdE9Ea92uemAk_WBq8U_9v0c2Wa0KxC9TeP2Xz5c.woff2 → 200 (?ms, ?B)
